\BOOKMARK [1][-]{section.1}{Įžanga}{}% 1
\BOOKMARK [2][-]{subsection.1.1}{Pritaikymo\040sritis}{section.1}% 2
\BOOKMARK [2][-]{subsection.1.2}{Probleminė sritis}{section.1}% 3
\BOOKMARK [2][-]{subsection.1.3}{Naudotojai}{section.1}% 4
\BOOKMARK [2][-]{subsection.1.4}{Darbo priežastys}{section.1}% 5
\BOOKMARK [2][-]{subsection.1.5}{Šaltiniai}{section.1}% 6
\BOOKMARK [1][-]{section.2}{Reikalavimų artefaktai}{}% 7
\BOOKMARK [1][-]{section.3}{Verslo\040reikalavimai}{}% 8
\BOOKMARK [2][-]{subsection.3.1}{Kodėl?}{section.3}% 9
\BOOKMARK [3][-]{subsubsection.3.1.1}{Išorinė verslo analizė}{subsection.3.1}% 10
\BOOKMARK [3][-]{subsubsection.3.1.2}{Įvestys}{subsection.3.1}% 11
\BOOKMARK [3][-]{subsubsection.3.1.3}{Išvestys}{subsection.3.1}% 12
\BOOKMARK [3][-]{subsubsection.3.1.4}{Reguliacija}{subsection.3.1}% 13
\BOOKMARK [3][-]{subsubsection.3.1.5}{Įvaizdis}{subsection.3.1}% 14
\BOOKMARK [3][-]{subsubsection.3.1.6}{Vidinė verslo analizė}{subsection.3.1}% 15
\BOOKMARK [3][-]{subsubsection.3.1.7}{Vizija}{subsection.3.1}% 16
\BOOKMARK [3][-]{subsubsection.3.1.8}{Misija}{subsection.3.1}% 17
\BOOKMARK [3][-]{subsubsection.3.1.9}{SWOT analizė}{subsection.3.1}% 18
\BOOKMARK [3][-]{subsubsection.3.1.10}{Siūloma verslo strategija}{subsection.3.1}% 19
\BOOKMARK [3][-]{subsubsection.3.1.11}{Tikslų medis}{subsection.3.1}% 20
\BOOKMARK [2][-]{subsection.3.2}{Kaip?}{section.3}% 21
\BOOKMARK [2][-]{subsection.3.3}{Ką?}{section.3}% 22
\BOOKMARK [2][-]{subsection.3.4}{Kas?}{section.3}% 23
\BOOKMARK [2][-]{subsection.3.5}{Kur?}{section.3}% 24
\BOOKMARK [2][-]{subsection.3.6}{Kada?}{section.3}% 25
\BOOKMARK [1][-]{section.4}{Vartotojo\040reikalavimai}{}% 26
\BOOKMARK [2][-]{subsection.4.1}{Kodėl?}{section.4}% 27
\BOOKMARK [2][-]{subsection.4.2}{Kaip?}{section.4}% 28
\BOOKMARK [3][-]{subsubsection.4.2.1}{Verslo\040transakcijos}{subsection.4.2}% 29
\BOOKMARK [3][-]{subsubsection.4.2.2}{Suvaržymai \(nefunkciniai reikalavimai\)}{subsection.4.2}% 30
\BOOKMARK [2][-]{subsection.4.3}{Ką?}{section.4}% 31
\BOOKMARK [3][-]{subsubsection.4.3.1}{Informaciniai\040objektai}{subsection.4.3}% 32
\BOOKMARK [3][-]{subsubsection.4.3.2}{Kalendoriniai ir verslo įvykiai}{subsection.4.3}% 33
\BOOKMARK [2][-]{subsection.4.4}{Kas?}{section.4}% 34
\BOOKMARK [2][-]{subsection.4.5}{Kur?}{section.4}% 35
\BOOKMARK [2][-]{subsection.4.6}{Kada?}{section.4}% 36
\BOOKMARK [1][-]{section.5}{IS\040reikalavimai}{}% 37
\BOOKMARK [2][-]{subsection.5.1}{Kodėl?}{section.5}% 38
\BOOKMARK [2][-]{subsection.5.2}{Kaip?}{section.5}% 39
\BOOKMARK [2][-]{subsection.5.3}{Ką?}{section.5}% 40
\BOOKMARK [2][-]{subsection.5.4}{Kas?}{section.5}% 41
\BOOKMARK [2][-]{subsection.5.5}{Kur?}{section.5}% 42
\BOOKMARK [2][-]{subsection.5.6}{Kada?}{section.5}% 43
\BOOKMARK [1][-]{section.6}{PS\040reikalavimai}{}% 44
\BOOKMARK [2][-]{subsection.6.1}{Kodėl?}{section.6}% 45
\BOOKMARK [2][-]{subsection.6.2}{Kaip?}{section.6}% 46
\BOOKMARK [2][-]{subsection.6.3}{Ką?}{section.6}% 47
\BOOKMARK [2][-]{subsection.6.4}{Kas?}{section.6}% 48
\BOOKMARK [2][-]{subsection.6.5}{Kur?}{section.6}% 49
\BOOKMARK [2][-]{subsection.6.6}{Kada?}{section.6}% 50
